Starting...
16 configuration options:
	auth-file: credentials.confidential.ini
	aux-error: error.log
	aux-log: log.log
	aux-memory: memory-leaks.log
	aux-path: ..\..\..\Auxiliary\EmiliaUpdate\EmiliaUpdateServer\
	client-auth-pass: Upq8KEj5ejYw2cRY
	config-file: config.ini
	config-path: ..\..\..\Configuration\EmiliaUpdate\EmiliaUpdateServer\
	crhelper: ..\EmiliaUpdateCRHelper\EmiliaUpdateCRHelper_Release_x64.exe
	down-blocklen: 65536
	first-port: 49152
	prod-root-dir: ..\..\..\
	prod-servers: prod-servers.ini
	recv-buflen: 1024
	server-exit-to: 15000
	upload-tmp-app: .tmp

Command line arguments: 1

C:\Main\Active\Documents\Programming\VSOutsource\Intermediates\EmiliaUpdate\EmiliaUpdateServer\Debug\x64\EmiliaUpdateServer_Debug_x64.exe

Socket listening...
Accepting commands...
Starting...
16 configuration options:
	auth-file: credentials.confidential.ini
	aux-error: error.log
	aux-log: log.log
	aux-memory: memory-leaks.log
	aux-path: ..\..\..\Auxiliary\EmiliaUpdate\EmiliaUpdateServer\
	client-auth-pass: Upq8KEj5ejYw2cRY
	config-file: config.ini
	config-path: ..\..\..\Configuration\EmiliaUpdate\EmiliaUpdateServer\
	crhelper: ..\EmiliaUpdateCRHelper\EmiliaUpdateCRHelper_Release_x64.exe
	down-blocklen: 65536
	first-port: 49152
	prod-root-dir: ..\..\..\
	prod-servers: prod-servers.ini
	recv-buflen: 1024
	server-exit-to: 15000
	upload-tmp-app: .tmp

Command line arguments: 1

C:\Main\Active\Documents\Programming\VSOutsource\Intermediates\EmiliaUpdate\EmiliaUpdateServer\Debug\x64\EmiliaUpdateServer_Debug_x64.exe

Socket listening...
Accepting commands...
Starting...
16 configuration options:
	auth-file: credentials.confidential.ini
	aux-error: error.log
	aux-log: log.log
	aux-memory: memory-leaks.log
	aux-path: ..\..\..\Auxiliary\EmiliaUpdate\EmiliaUpdateServer\
	client-auth-pass: Upq8KEj5ejYw2cRY
	config-file: config.ini
	config-path: ..\..\..\Configuration\EmiliaUpdate\EmiliaUpdateServer\
	crhelper: ..\EmiliaUpdateCRHelper\EmiliaUpdateCRHelper_Release_x64.exe
	down-blocklen: 65536
	first-port: 49152
	prod-root-dir: ..\..\..\
	prod-servers: prod-servers.ini
	recv-buflen: 1024
	server-exit-to: 15000
	upload-tmp-app: .tmp

Command line arguments: 1

C:\Main\Active\Documents\Programming\VSOutsource\Intermediates\EmiliaUpdate\EmiliaUpdateServer\Debug\x64\EmiliaUpdateServer_Debug_x64.exe

Socket listening...
Accepting commands...
Starting...
16 configuration options:
	auth-file: credentials.confidential.ini
	aux-error: error.log
	aux-log: log.log
	aux-memory: memory-leaks.log
	aux-path: ..\..\..\Auxiliary\EmiliaUpdate\EmiliaUpdateServer\
	client-auth-pass: Upq8KEj5ejYw2cRY
	config-file: config.ini
	config-path: ..\..\..\Configuration\EmiliaUpdate\EmiliaUpdateServer\
	crhelper: ..\EmiliaUpdateCRHelper\EmiliaUpdateCRHelper_Release_x64.exe
	down-blocklen: 65536
	first-port: 49152
	prod-root-dir: ..\..\..\
	prod-servers: prod-servers.ini
	recv-buflen: 1024
	server-exit-to: 15000
	upload-tmp-app: .tmp

Command line arguments: 1

C:\Main\Active\Documents\Programming\VSOutsource\Intermediates\EmiliaUpdate\EmiliaUpdateServer\Debug\x64\EmiliaUpdateServer_Debug_x64.exe

Socket listening...
Accepting commands...
Starting...
16 configuration options:
	auth-file: credentials.confidential.ini
	aux-error: error.log
	aux-log: log.log
	aux-memory: memory-leaks.log
	aux-path: ..\..\..\Auxiliary\EmiliaUpdate\EmiliaUpdateServer\
	client-auth-pass: Upq8KEj5ejYw2cRY
	config-file: config.ini
	config-path: ..\..\..\Configuration\EmiliaUpdate\EmiliaUpdateServer\
	crhelper: ..\EmiliaUpdateCRHelper\EmiliaUpdateCRHelper_Release_x64.exe
	down-blocklen: 65536
	first-port: 49152
	prod-root-dir: ..\..\..\
	prod-servers: prod-servers.ini
	recv-buflen: 1024
	server-exit-to: 15000
	upload-tmp-app: .tmp

Command line arguments: 1

C:\Main\Active\Documents\Programming\VSOutsource\Intermediates\EmiliaUpdate\EmiliaUpdateServer\Debug\x64\EmiliaUpdateServer_Debug_x64.exe

Socket listening...
Accepting commands...
Starting...
16 configuration options:
	auth-file: credentials.confidential.ini
	aux-error: error.log
	aux-log: log.log
	aux-memory: memory-leaks.log
	aux-path: ..\..\..\Auxiliary\EmiliaUpdate\EmiliaUpdateServer\
	client-auth-pass: Upq8KEj5ejYw2cRY
	config-file: config.ini
	config-path: ..\..\..\Configuration\EmiliaUpdate\EmiliaUpdateServer\
	crhelper: ..\EmiliaUpdateCRHelper\EmiliaUpdateCRHelper_Release_x64.exe
	down-blocklen: 65536
	first-port: 49152
	prod-root-dir: ..\..\..\
	prod-servers: prod-servers.ini
	recv-buflen: 1024
	server-exit-to: 15000
	upload-tmp-app: .tmp

Command line arguments: 1

C:\Main\Active\Documents\Programming\VSOutsource\Intermediates\EmiliaUpdate\EmiliaUpdateServer\Debug\x64\EmiliaUpdateServer_Debug_x64.exe

Socket listening...
Accepting commands...
Starting...
16 configuration options:
	auth-file: credentials.confidential.ini
	aux-error: error.log
	aux-log: log.log
	aux-memory: memory-leaks.log
	aux-path: ..\..\..\Auxiliary\EmiliaUpdate\EmiliaUpdateServer\
	client-auth-pass: Upq8KEj5ejYw2cRY
	config-file: config.ini
	config-path: ..\..\..\Configuration\EmiliaUpdate\EmiliaUpdateServer\
	crhelper: ..\EmiliaUpdateCRHelper\EmiliaUpdateCRHelper_Release_x64.exe
	down-blocklen: 65536
	first-port: 49152
	prod-root-dir: ..\..\..\
	prod-servers: prod-servers.ini
	recv-buflen: 1024
	server-exit-to: 15000
	upload-tmp-app: .tmp

Command line arguments: 1

C:\Main\Active\Documents\Programming\VSOutsource\Intermediates\EmiliaUpdate\EmiliaUpdateServer\Debug\x64\EmiliaUpdateServer_Debug_x64.exe

Socket listening...
Accepting commands...
Starting...
16 configuration options:
	auth-file: credentials.confidential.ini
	aux-error: error.log
	aux-log: log.log
	aux-memory: memory-leaks.log
	aux-path: ..\..\..\Auxiliary\EmiliaUpdate\EmiliaUpdateServer\
	client-auth-pass: Upq8KEj5ejYw2cRY
	config-file: config.ini
	config-path: ..\..\..\Configuration\EmiliaUpdate\EmiliaUpdateServer\
	crhelper: ..\EmiliaUpdateCRHelper\EmiliaUpdateCRHelper_Release_x64.exe
	down-blocklen: 65536
	first-port: 49152
	prod-root-dir: ..\..\..\
	prod-servers: prod-servers.ini
	recv-buflen: 1024
	server-exit-to: 15000
	upload-tmp-app: .tmp

Command line arguments: 1

C:\Main\Active\Documents\Programming\VSOutsource\Intermediates\EmiliaUpdate\EmiliaUpdateServer\Debug\x64\EmiliaUpdateServer_Debug_x64.exe

Socket listening...
Accepting commands...
Starting...
16 configuration options:
	auth-file: credentials.confidential.ini
	aux-error: error.log
	aux-log: log.log
	aux-memory: memory-leaks.log
	aux-path: ..\..\..\Auxiliary\EmiliaUpdate\EmiliaUpdateServer\
	client-auth-pass: Upq8KEj5ejYw2cRY
	config-file: config.ini
	config-path: ..\..\..\Configuration\EmiliaUpdate\EmiliaUpdateServer\
	crhelper: ..\EmiliaUpdateCRHelper\EmiliaUpdateCRHelper_Release_x64.exe
	down-blocklen: 65536
	first-port: 49152
	prod-root-dir: ..\..\..\
	prod-servers: prod-servers.ini
	recv-buflen: 1024
	server-exit-to: 15000
	upload-tmp-app: .tmp

Command line arguments: 1

C:\Main\Active\Documents\Programming\VSOutsource\Intermediates\EmiliaUpdate\EmiliaUpdateServer\Debug\x64\EmiliaUpdateServer_Debug_x64.exe

Socket listening...
Accepting commands...
Starting...
16 configuration options:
	auth-file: credentials.confidential.ini
	aux-error: error.log
	aux-log: log.log
	aux-memory: memory-leaks.log
	aux-path: ..\..\..\Auxiliary\EmiliaUpdate\EmiliaUpdateServer\
	client-auth-pass: Upq8KEj5ejYw2cRY
	config-file: config.ini
	config-path: ..\..\..\Configuration\EmiliaUpdate\EmiliaUpdateServer\
	crhelper: ..\EmiliaUpdateCRHelper\EmiliaUpdateCRHelper_Release_x64.exe
	down-blocklen: 65536
	first-port: 49152
	prod-root-dir: ..\..\..\
	prod-servers: prod-servers.ini
	recv-buflen: 1024
	server-exit-to: 15000
	upload-tmp-app: .tmp

Command line arguments: 1

C:\Main\Active\Documents\Programming\VSOutsource\Intermediates\EmiliaUpdate\EmiliaUpdateServer\Debug\x64\EmiliaUpdateServer_Debug_x64.exe

Socket listening...
Accepting commands...
Starting...
16 configuration options:
	auth-file: credentials.confidential.ini
	aux-error: error.log
	aux-log: log.log
	aux-memory: memory-leaks.log
	aux-path: ..\..\..\Auxiliary\EmiliaUpdate\EmiliaUpdateServer\
	client-auth-pass: Upq8KEj5ejYw2cRY
	config-file: config.ini
	config-path: ..\..\..\Configuration\EmiliaUpdate\EmiliaUpdateServer\
	crhelper: ..\EmiliaUpdateCRHelper\EmiliaUpdateCRHelper_Release_x64.exe
	down-blocklen: 65536
	first-port: 49152
	prod-root-dir: ..\..\..\
	prod-servers: prod-servers.ini
	recv-buflen: 1024
	server-exit-to: 15000
	upload-tmp-app: .tmp

Command line arguments: 1

C:\Main\Active\Documents\Programming\VSOutsource\Intermediates\EmiliaUpdate\EmiliaUpdateServer\Debug\x64\EmiliaUpdateServer_Debug_x64.exe

Socket listening...
Accepting commands...
Starting...
16 configuration options:
	auth-file: credentials.confidential.ini
	aux-error: error.log
	aux-log: log.log
	aux-memory: memory-leaks.log
	aux-path: ..\..\..\Auxiliary\EmiliaUpdate\EmiliaUpdateServer\
	client-auth-pass: Upq8KEj5ejYw2cRY
	config-file: config.ini
	config-path: ..\..\..\Configuration\EmiliaUpdate\EmiliaUpdateServer\
	crhelper: ..\EmiliaUpdateCRHelper\EmiliaUpdateCRHelper_Release_x64.exe
	down-blocklen: 65536
	first-port: 49152
	prod-root-dir: ..\..\..\
	prod-servers: prod-servers.ini
	recv-buflen: 1024
	server-exit-to: 15000
	upload-tmp-app: .tmp

Command line arguments: 1

C:\Main\Active\Documents\Programming\VSOutsource\Intermediates\EmiliaUpdate\EmiliaUpdateServer\Debug\x64\EmiliaUpdateServer_Debug_x64.exe

Socket listening...
Accepting commands...
Starting...
16 configuration options:
	auth-file: credentials.confidential.ini
	aux-error: error.log
	aux-log: log.log
	aux-memory: memory-leaks.log
	aux-path: ..\..\..\Auxiliary\EmiliaUpdate\EmiliaUpdateServer\
	client-auth-pass: Upq8KEj5ejYw2cRY
	config-file: config.ini
	config-path: ..\..\..\Configuration\EmiliaUpdate\EmiliaUpdateServer\
	crhelper: ..\EmiliaUpdateCRHelper\EmiliaUpdateCRHelper_Release_x64.exe
	down-blocklen: 65536
	first-port: 49152
	prod-root-dir: ..\..\..\
	prod-servers: prod-servers.ini
	recv-buflen: 1024
	server-exit-to: 15000
	upload-tmp-app: .tmp

Command line arguments: 1

C:\Main\Active\Documents\Programming\VSOutsource\Intermediates\EmiliaUpdate\EmiliaUpdateServer\Debug\x64\EmiliaUpdateServer_Debug_x64.exe

Socket listening...
Accepting commands...
Starting...
16 configuration options:
	auth-file: credentials.confidential.ini
	aux-error: error.log
	aux-log: log.log
	aux-memory: memory-leaks.log
	aux-path: ..\..\..\Auxiliary\EmiliaUpdate\EmiliaUpdateServer\
	client-auth-pass: Upq8KEj5ejYw2cRY
	config-file: config.ini
	config-path: ..\..\..\Configuration\EmiliaUpdate\EmiliaUpdateServer\
	crhelper: ..\EmiliaUpdateCRHelper\EmiliaUpdateCRHelper_Release_x64.exe
	down-blocklen: 65536
	first-port: 49152
	prod-root-dir: ..\..\..\
	prod-servers: prod-servers.ini
	recv-buflen: 1024
	server-exit-to: 15000
	upload-tmp-app: .tmp

Command line arguments: 1

C:\Main\Active\Documents\Programming\VSOutsource\Intermediates\EmiliaUpdate\EmiliaUpdateServer\Debug\x64\EmiliaUpdateServer_Debug_x64.exe

Socket listening...
Accepting commands...
Starting...
16 configuration options:
	auth-file: credentials.confidential.ini
	aux-error: error.log
	aux-log: log.log
	aux-memory: memory-leaks.log
	aux-path: ..\..\..\Auxiliary\EmiliaUpdate\EmiliaUpdateServer\
	client-auth-pass: Upq8KEj5ejYw2cRY
	config-file: config.ini
	config-path: ..\..\..\Configuration\EmiliaUpdate\EmiliaUpdateServer\
	crhelper: ..\EmiliaUpdateCRHelper\EmiliaUpdateCRHelper_Release_x64.exe
	down-blocklen: 65536
	first-port: 49152
	prod-root-dir: ..\..\..\
	prod-servers: prod-servers.ini
	recv-buflen: 1024
	server-exit-to: 15000
	upload-tmp-app: .tmp

Command line arguments: 1

C:\Main\Active\Documents\Programming\VSOutsource\Intermediates\EmiliaUpdate\EmiliaUpdateServer\Debug\x64\EmiliaUpdateServer_Debug_x64.exe

Socket listening...
Accepting commands...
Starting...
16 configuration options:
	auth-file: credentials.confidential.ini
	aux-error: error.log
	aux-log: log.log
	aux-memory: memory-leaks.log
	aux-path: ..\..\..\Auxiliary\EmiliaUpdate\EmiliaUpdateServer\
	client-auth-pass: Upq8KEj5ejYw2cRY
	config-file: config.ini
	config-path: ..\..\..\Configuration\EmiliaUpdate\EmiliaUpdateServer\
	crhelper: ..\EmiliaUpdateCRHelper\EmiliaUpdateCRHelper_Release_x64.exe
	down-blocklen: 65536
	first-port: 49152
	prod-root-dir: ..\..\..\
	prod-servers: prod-servers.ini
	recv-buflen: 1024
	server-exit-to: 15000
	upload-tmp-app: .tmp

Command line arguments: 1

C:\Main\Active\Documents\Programming\VSOutsource\Intermediates\EmiliaUpdate\EmiliaUpdateServer\Debug\x64\EmiliaUpdateServer_Debug_x64.exe

Socket listening...
Accepting commands...
Starting...
16 configuration options:
	auth-file: credentials.confidential.ini
	aux-error: error.log
	aux-log: log.log
	aux-memory: memory-leaks.log
	aux-path: ..\..\..\Auxiliary\EmiliaUpdate\EmiliaUpdateServer\
	client-auth-pass: Upq8KEj5ejYw2cRY
	config-file: config.ini
	config-path: ..\..\..\Configuration\EmiliaUpdate\EmiliaUpdateServer\
	crhelper: ..\EmiliaUpdateCRHelper\EmiliaUpdateCRHelper_Release_x64.exe
	down-blocklen: 65536
	first-port: 49152
	prod-root-dir: ..\..\..\
	prod-servers: prod-servers.ini
	recv-buflen: 1024
	server-exit-to: 15000
	upload-tmp-app: .tmp

Command line arguments: 1

C:\Main\Active\Documents\Programming\VSOutsource\Intermediates\EmiliaUpdate\EmiliaUpdateServer\Debug\x64\EmiliaUpdateServer_Debug_x64.exe

Socket listening...
Accepting commands...
Starting...
16 configuration options:
	auth-file: credentials.confidential.ini
	aux-error: error.log
	aux-log: log.log
	aux-memory: memory-leaks.log
	aux-path: ..\..\..\Auxiliary\EmiliaUpdate\EmiliaUpdateServer\
	client-auth-pass: Upq8KEj5ejYw2cRY
	config-file: config.ini
	config-path: ..\..\..\Configuration\EmiliaUpdate\EmiliaUpdateServer\
	crhelper: ..\EmiliaUpdateCRHelper\EmiliaUpdateCRHelper_Release_x64.exe
	down-blocklen: 65536
	first-port: 49152
	prod-root-dir: ..\..\..\
	prod-servers: prod-servers.ini
	recv-buflen: 1024
	server-exit-to: 15000
	upload-tmp-app: .tmp

Command line arguments: 1

C:\Main\Active\Documents\Programming\VSOutsource\Intermediates\EmiliaUpdate\EmiliaUpdateServer\Debug\x64\EmiliaUpdateServer_Debug_x64.exe

Socket listening...
Accepting commands...
Starting...
16 configuration options:
	auth-file: credentials.confidential.ini
	aux-error: error.log
	aux-log: log.log
	aux-memory: memory-leaks.log
	aux-path: ..\..\..\Auxiliary\EmiliaUpdate\EmiliaUpdateServer\
	client-auth-pass: Upq8KEj5ejYw2cRY
	config-file: config.ini
	config-path: ..\..\..\Configuration\EmiliaUpdate\EmiliaUpdateServer\
	crhelper: ..\EmiliaUpdateCRHelper\EmiliaUpdateCRHelper_Release_x64.exe
	down-blocklen: 65536
	first-port: 49152
	prod-root-dir: ..\..\..\
	prod-servers: prod-servers.ini
	recv-buflen: 1024
	server-exit-to: 15000
	upload-tmp-app: .tmp

Command line arguments: 1

C:\Main\Active\Documents\Programming\VSOutsource\Intermediates\EmiliaUpdate\EmiliaUpdateServer\Debug\x64\EmiliaUpdateServer_Debug_x64.exe

Socket listening...
Accepting commands...
Starting...
16 configuration options:
	auth-file: credentials.confidential.ini
	aux-error: error.log
	aux-log: log.log
	aux-memory: memory-leaks.log
	aux-path: ..\..\..\Auxiliary\EmiliaUpdate\EmiliaUpdateServer\
	client-auth-pass: Upq8KEj5ejYw2cRY
	config-file: config.ini
	config-path: ..\..\..\Configuration\EmiliaUpdate\EmiliaUpdateServer\
	crhelper: ..\EmiliaUpdateCRHelper\EmiliaUpdateCRHelper_Release_x64.exe
	down-blocklen: 65536
	first-port: 49152
	prod-root-dir: ..\..\..\
	prod-servers: prod-servers.ini
	recv-buflen: 1024
	server-exit-to: 15000
	upload-tmp-app: .tmp

Command line arguments: 1

C:\Main\Active\Documents\Programming\VSOutsource\Intermediates\EmiliaUpdate\EmiliaUpdateServer\Debug\x64\EmiliaUpdateServer_Debug_x64.exe

Socket listening...
Accepting commands...
Starting...
16 configuration options:
	auth-file: credentials.confidential.ini
	aux-error: error.log
	aux-log: log.log
	aux-memory: memory-leaks.log
	aux-path: ..\..\..\Auxiliary\EmiliaUpdate\EmiliaUpdateServer\
	client-auth-pass: Upq8KEj5ejYw2cRY
	config-file: config.ini
	config-path: ..\..\..\Configuration\EmiliaUpdate\EmiliaUpdateServer\
	crhelper: ..\EmiliaUpdateCRHelper\EmiliaUpdateCRHelper_Release_x64.exe
	down-blocklen: 65536
	first-port: 49152
	prod-root-dir: ..\..\..\
	prod-servers: prod-servers.ini
	recv-buflen: 1024
	server-exit-to: 15000
	upload-tmp-app: .tmp

Command line arguments: 1

C:\Main\Active\Documents\Programming\VSOutsource\Intermediates\EmiliaUpdate\EmiliaUpdateServer\Debug\x64\EmiliaUpdateServer_Debug_x64.exe

Socket listening...
Accepting commands...
Starting...
16 configuration options:
	auth-file: credentials.confidential.ini
	aux-error: error.log
	aux-log: log.log
	aux-memory: memory-leaks.log
	aux-path: ..\..\..\Auxiliary\EmiliaUpdate\EmiliaUpdateServer\
	client-auth-pass: Upq8KEj5ejYw2cRY
	config-file: config.ini
	config-path: ..\..\..\Configuration\EmiliaUpdate\EmiliaUpdateServer\
	crhelper: ..\EmiliaUpdateCRHelper\EmiliaUpdateCRHelper_Release_x64.exe
	down-blocklen: 65536
	first-port: 49152
	prod-root-dir: ..\..\..\
	prod-servers: prod-servers.ini
	recv-buflen: 1024
	server-exit-to: 15000
	upload-tmp-app: .tmp

Command line arguments: 1

C:\Main\Active\Documents\Programming\VSOutsource\Intermediates\EmiliaUpdate\EmiliaUpdateServer\Debug\x64\EmiliaUpdateServer_Debug_x64.exe

Socket listening...
Accepting commands...
Starting...
16 configuration options:
	auth-file: credentials.confidential.ini
	aux-error: error.log
	aux-log: log.log
	aux-memory: memory-leaks.log
	aux-path: ..\..\..\Auxiliary\EmiliaUpdate\EmiliaUpdateServer\
	client-auth-pass: Upq8KEj5ejYw2cRY
	config-file: config.ini
	config-path: ..\..\..\Configuration\EmiliaUpdate\EmiliaUpdateServer\
	crhelper: ..\EmiliaUpdateCRHelper\EmiliaUpdateCRHelper_Release_x64.exe
	down-blocklen: 65536
	first-port: 49152
	prod-root-dir: ..\..\..\
	prod-servers: prod-servers.ini
	recv-buflen: 1024
	server-exit-to: 15000
	upload-tmp-app: .tmp

Command line arguments: 1

C:\Main\Active\Documents\Programming\VSOutsource\Intermediates\EmiliaUpdate\EmiliaUpdateServer\Debug\x64\EmiliaUpdateServer_Debug_x64.exe

Socket listening...
Accepting commands...
Starting...
16 configuration options:
	auth-file: credentials.confidential.ini
	aux-error: error.log
	aux-log: log.log
	aux-memory: memory-leaks.log
	aux-path: ..\..\..\Auxiliary\EmiliaUpdate\EmiliaUpdateServer\
	client-auth-pass: Upq8KEj5ejYw2cRY
	config-file: config.ini
	config-path: ..\..\..\Configuration\EmiliaUpdate\EmiliaUpdateServer\
	crhelper: ..\EmiliaUpdateCRHelper\EmiliaUpdateCRHelper_Release_x64.exe
	down-blocklen: 65536
	first-port: 49152
	prod-root-dir: ..\..\..\
	prod-servers: prod-servers.ini
	recv-buflen: 1024
	server-exit-to: 15000
	upload-tmp-app: .tmp

Command line arguments: 1

C:\Main\Active\Documents\Programming\VSOutsource\Intermediates\EmiliaUpdate\EmiliaUpdateServer\Debug\x64\EmiliaUpdateServer_Debug_x64.exe

Socket listening...
Accepting commands...
Starting...
16 configuration options:
	auth-file: credentials.confidential.ini
	aux-error: error.log
	aux-log: log.log
	aux-memory: memory-leaks.log
	aux-path: ..\..\..\Auxiliary\EmiliaUpdate\EmiliaUpdateServer\
	client-auth-pass: Upq8KEj5ejYw2cRY
	config-file: config.ini
	config-path: ..\..\..\Configuration\EmiliaUpdate\EmiliaUpdateServer\
	crhelper: ..\EmiliaUpdateCRHelper\EmiliaUpdateCRHelper_Release_x64.exe
	down-blocklen: 65536
	first-port: 49152
	prod-root-dir: ..\..\..\
	prod-servers: prod-servers.ini
	recv-buflen: 1024
	server-exit-to: 15000
	upload-tmp-app: .tmp

Command line arguments: 1

C:\Main\Active\Documents\Programming\VSOutsource\Intermediates\EmiliaUpdate\EmiliaUpdateServer\Debug\x64\EmiliaUpdateServer_Debug_x64.exe

Socket listening...
Accepting commands...
Starting...
16 configuration options:
	auth-file: credentials.confidential.ini
	aux-error: error.log
	aux-log: log.log
	aux-memory: memory-leaks.log
	aux-path: ..\..\..\Auxiliary\EmiliaUpdate\EmiliaUpdateServer\
	client-auth-pass: Upq8KEj5ejYw2cRY
	config-file: config.ini
	config-path: ..\..\..\Configuration\EmiliaUpdate\EmiliaUpdateServer\
	crhelper: ..\EmiliaUpdateCRHelper\EmiliaUpdateCRHelper_Release_x64.exe
	down-blocklen: 65536
	first-port: 49152
	prod-root-dir: ..\..\..\
	prod-servers: prod-servers.ini
	recv-buflen: 1024
	server-exit-to: 15000
	upload-tmp-app: .tmp

Command line arguments: 1

C:\Main\Active\Documents\Programming\VSOutsource\Intermediates\EmiliaUpdate\EmiliaUpdateServer\Debug\x64\EmiliaUpdateServer_Debug_x64.exe

Socket listening...
Accepting commands...
Starting...
16 configuration options:
	auth-file: credentials.confidential.ini
	aux-error: error.log
	aux-log: log.log
	aux-memory: memory-leaks.log
	aux-path: ..\..\..\Auxiliary\EmiliaUpdate\EmiliaUpdateServer\
	client-auth-pass: Upq8KEj5ejYw2cRY
	config-file: config.ini
	config-path: ..\..\..\Configuration\EmiliaUpdate\EmiliaUpdateServer\
	crhelper: ..\EmiliaUpdateCRHelper\EmiliaUpdateCRHelper_Release_x64.exe
	down-blocklen: 65536
	first-port: 49152
	prod-root-dir: ..\..\..\
	prod-servers: prod-servers.ini
	recv-buflen: 1024
	server-exit-to: 15000
	upload-tmp-app: .tmp

Command line arguments: 1

C:\Main\Active\Documents\Programming\VSOutsource\Intermediates\EmiliaUpdate\EmiliaUpdateServer\Debug\x64\EmiliaUpdateServer_Debug_x64.exe

Socket listening...
Accepting commands...
Starting...
16 configuration options:
	auth-file: credentials.confidential.ini
	aux-error: error.log
	aux-log: log.log
	aux-memory: memory-leaks.log
	aux-path: ..\..\..\Auxiliary\EmiliaUpdate\EmiliaUpdateServer\
	client-auth-pass: Upq8KEj5ejYw2cRY
	config-file: config.ini
	config-path: ..\..\..\Configuration\EmiliaUpdate\EmiliaUpdateServer\
	crhelper: ..\EmiliaUpdateCRHelper\EmiliaUpdateCRHelper_Release_x64.exe
	down-blocklen: 65536
	first-port: 49152
	prod-root-dir: ..\..\..\
	prod-servers: prod-servers.ini
	recv-buflen: 1024
	server-exit-to: 15000
	upload-tmp-app: .tmp

Command line arguments: 1

C:\Main\Active\Documents\Programming\VSOutsource\Intermediates\EmiliaUpdate\EmiliaUpdateServer\Debug\x64\EmiliaUpdateServer_Debug_x64.exe

Socket listening...
Accepting commands...
Starting...
16 configuration options:
	auth-file: credentials.confidential.ini
	aux-error: error.log
	aux-log: log.log
	aux-memory: memory-leaks.log
	aux-path: ..\..\..\Auxiliary\EmiliaUpdate\EmiliaUpdateServer\
	client-auth-pass: Upq8KEj5ejYw2cRY
	config-file: config.ini
	config-path: ..\..\..\Configuration\EmiliaUpdate\EmiliaUpdateServer\
	crhelper: ..\EmiliaUpdateCRHelper\EmiliaUpdateCRHelper_Release_x64.exe
	down-blocklen: 65536
	first-port: 49152
	prod-root-dir: ..\..\..\
	prod-servers: prod-servers.ini
	recv-buflen: 1024
	server-exit-to: 15000
	upload-tmp-app: .tmp

Command line arguments: 1

C:\Main\Active\Documents\Programming\VSOutsource\Intermediates\EmiliaUpdate\EmiliaUpdateServer\Debug\x64\EmiliaUpdateServer_Debug_x64.exe

Socket listening...
Accepting commands...
Starting...
16 configuration options:
	auth-file: credentials.confidential.ini
	aux-error: error.log
	aux-log: log.log
	aux-memory: memory-leaks.log
	aux-path: ..\..\..\Auxiliary\EmiliaUpdate\EmiliaUpdateServer\
	client-auth-pass: Upq8KEj5ejYw2cRY
	config-file: config.ini
	config-path: ..\..\..\Configuration\EmiliaUpdate\EmiliaUpdateServer\
	crhelper: ..\EmiliaUpdateCRHelper\EmiliaUpdateCRHelper_Release_x64.exe
	down-blocklen: 65536
	first-port: 49152
	prod-root-dir: ..\..\..\
	prod-servers: prod-servers.ini
	recv-buflen: 1024
	server-exit-to: 15000
	upload-tmp-app: .tmp

Command line arguments: 1

C:\Main\Active\Documents\Programming\VSOutsource\Intermediates\EmiliaUpdate\EmiliaUpdateServer\Debug\x64\EmiliaUpdateServer_Debug_x64.exe

Socket listening...
Accepting commands...
Starting...
16 configuration options:
	auth-file: credentials.confidential.ini
	aux-error: error.log
	aux-log: log.log
	aux-memory: memory-leaks.log
	aux-path: ..\..\..\Auxiliary\EmiliaUpdate\EmiliaUpdateServer\
	client-auth-pass: Upq8KEj5ejYw2cRY
	config-file: config.ini
	config-path: ..\..\..\Configuration\EmiliaUpdate\EmiliaUpdateServer\
	crhelper: ..\EmiliaUpdateCRHelper\EmiliaUpdateCRHelper_Release_x64.exe
	down-blocklen: 65536
	first-port: 49152
	prod-root-dir: ..\..\..\
	prod-servers: prod-servers.ini
	recv-buflen: 1024
	server-exit-to: 15000
	upload-tmp-app: .tmp

Command line arguments: 1

C:\Main\Active\Documents\Programming\VSOutsource\Intermediates\EmiliaUpdate\EmiliaUpdateServer\Debug\x64\EmiliaUpdateServer_Debug_x64.exe

Socket listening...
Accepting commands...
Starting...
16 configuration options:
	auth-file: credentials.confidential.ini
	aux-error: error.log
	aux-log: log.log
	aux-memory: memory-leaks.log
	aux-path: ..\..\..\Auxiliary\EmiliaUpdate\EmiliaUpdateServer\
	client-auth-pass: Upq8KEj5ejYw2cRY
	config-file: config.ini
	config-path: ..\..\..\Configuration\EmiliaUpdate\EmiliaUpdateServer\
	crhelper: ..\EmiliaUpdateCRHelper\EmiliaUpdateCRHelper_Release_x64.exe
	down-blocklen: 65536
	first-port: 49152
	prod-root-dir: ..\..\..\
	prod-servers: prod-servers.ini
	recv-buflen: 1024
	server-exit-to: 15000
	upload-tmp-app: .tmp

Command line arguments: 1

C:\Main\Active\Documents\Programming\VSOutsource\Intermediates\EmiliaUpdate\EmiliaUpdateServer\Debug\x64\EmiliaUpdateServer_Debug_x64.exe

Socket listening...
Accepting commands...
Starting...
16 configuration options:
	auth-file: credentials.confidential.ini
	aux-error: error.log
	aux-log: log.log
	aux-memory: memory-leaks.log
	aux-path: ..\..\..\Auxiliary\EmiliaUpdate\EmiliaUpdateServer\
	client-auth-pass: Upq8KEj5ejYw2cRY
	config-file: config.ini
	config-path: ..\..\..\Configuration\EmiliaUpdate\EmiliaUpdateServer\
	crhelper: ..\EmiliaUpdateCRHelper\EmiliaUpdateCRHelper_Release_x64.exe
	down-blocklen: 65536
	first-port: 49152
	prod-root-dir: ..\..\..\
	prod-servers: prod-servers.ini
	recv-buflen: 1024
	server-exit-to: 15000
	upload-tmp-app: .tmp

Command line arguments: 1

C:\Main\Active\Documents\Programming\VSOutsource\Intermediates\EmiliaUpdate\EmiliaUpdateServer\Debug\x64\EmiliaUpdateServer_Debug_x64.exe

Socket listening...
Accepting commands...
Starting...
16 configuration options:
	auth-file: credentials.confidential.ini
	aux-error: error.log
	aux-log: log.log
	aux-memory: memory-leaks.log
	aux-path: ..\..\..\Auxiliary\EmiliaUpdate\EmiliaUpdateServer\
	client-auth-pass: Upq8KEj5ejYw2cRY
	config-file: config.ini
	config-path: ..\..\..\Configuration\EmiliaUpdate\EmiliaUpdateServer\
	crhelper: ..\EmiliaUpdateCRHelper\EmiliaUpdateCRHelper_Release_x64.exe
	down-blocklen: 65536
	first-port: 49152
	prod-root-dir: ..\..\..\
	prod-servers: prod-servers.ini
	recv-buflen: 1024
	server-exit-to: 15000
	upload-tmp-app: .tmp

Command line arguments: 1

C:\Main\Active\Documents\Programming\VSOutsource\Intermediates\EmiliaUpdate\EmiliaUpdateServer\Debug\x64\EmiliaUpdateServer_Debug_x64.exe

Socket listening...
Accepting commands...
Starting...
16 configuration options:
	auth-file: credentials.confidential.ini
	aux-error: error.log
	aux-log: log.log
	aux-memory: memory-leaks.log
	aux-path: ..\..\..\Auxiliary\EmiliaUpdate\EmiliaUpdateServer\
	client-auth-pass: Upq8KEj5ejYw2cRY
	config-file: config.ini
	config-path: ..\..\..\Configuration\EmiliaUpdate\EmiliaUpdateServer\
	crhelper: ..\EmiliaUpdateCRHelper\EmiliaUpdateCRHelper_Release_x64.exe
	down-blocklen: 65536
	first-port: 49152
	prod-root-dir: ..\..\..\
	prod-servers: prod-servers.ini
	recv-buflen: 1024
	server-exit-to: 15000
	upload-tmp-app: .tmp

Command line arguments: 1

C:\Main\Active\Documents\Programming\VSOutsource\Intermediates\EmiliaUpdate\EmiliaUpdateServer\Debug\x64\EmiliaUpdateServer_Debug_x64.exe

Socket listening...
Accepting commands...
Starting...
16 configuration options:
	auth-file: credentials.confidential.ini
	aux-error: error.log
	aux-log: log.log
	aux-memory: memory-leaks.log
	aux-path: ..\..\..\Auxiliary\EmiliaUpdate\EmiliaUpdateServer\
	client-auth-pass: Upq8KEj5ejYw2cRY
	config-file: config.ini
	config-path: ..\..\..\Configuration\EmiliaUpdate\EmiliaUpdateServer\
	crhelper: ..\EmiliaUpdateCRHelper\EmiliaUpdateCRHelper_Release_x64.exe
	down-blocklen: 65536
	first-port: 49152
	prod-root-dir: ..\..\..\
	prod-servers: prod-servers.ini
	recv-buflen: 1024
	server-exit-to: 15000
	upload-tmp-app: .tmp

Command line arguments: 1

C:\Main\Active\Documents\Programming\VSOutsource\Intermediates\EmiliaUpdate\EmiliaUpdateServer\Debug\x64\EmiliaUpdateServer_Debug_x64.exe

Socket listening...
Accepting commands...
Starting...
16 configuration options:
	auth-file: credentials.confidential.ini
	aux-error: error.log
	aux-log: log.log
	aux-memory: memory-leaks.log
	aux-path: ..\..\..\Auxiliary\EmiliaUpdate\EmiliaUpdateServer\
	client-auth-pass: Upq8KEj5ejYw2cRY
	config-file: config.ini
	config-path: ..\..\..\Configuration\EmiliaUpdate\EmiliaUpdateServer\
	crhelper: ..\EmiliaUpdateCRHelper\EmiliaUpdateCRHelper_Release_x64.exe
	down-blocklen: 65536
	first-port: 49152
	prod-root-dir: ..\..\..\
	prod-servers: prod-servers.ini
	recv-buflen: 1024
	server-exit-to: 15000
	upload-tmp-app: .tmp

Command line arguments: 1

C:\Main\Active\Documents\Programming\VSOutsource\Intermediates\EmiliaUpdate\EmiliaUpdateServer\Debug\x64\EmiliaUpdateServer_Debug_x64.exe

Socket listening...
Accepting commands...
Starting...
16 configuration options:
	auth-file: credentials.confidential.ini
	aux-error: error.log
	aux-log: log.log
	aux-memory: memory-leaks.log
	aux-path: ..\..\..\Auxiliary\EmiliaUpdate\EmiliaUpdateServer\
	client-auth-pass: Upq8KEj5ejYw2cRY
	config-file: config.ini
	config-path: ..\..\..\Configuration\EmiliaUpdate\EmiliaUpdateServer\
	crhelper: ..\EmiliaUpdateCRHelper\EmiliaUpdateCRHelper_Release_x64.exe
	down-blocklen: 65536
	first-port: 49152
	prod-root-dir: ..\..\..\
	prod-servers: prod-servers.ini
	recv-buflen: 1024
	server-exit-to: 15000
	upload-tmp-app: .tmp

Command line arguments: 1

C:\Main\Active\Documents\Programming\VSOutsource\Intermediates\EmiliaUpdate\EmiliaUpdateServer\Debug\x64\EmiliaUpdateServer_Debug_x64.exe

Socket listening...
Accepting commands...
Starting...
16 configuration options:
	auth-file: credentials.confidential.ini
	aux-error: error.log
	aux-log: log.log
	aux-memory: memory-leaks.log
	aux-path: ..\..\..\Auxiliary\EmiliaUpdate\EmiliaUpdateServer\
	client-auth-pass: Upq8KEj5ejYw2cRY
	config-file: config.ini
	config-path: ..\..\..\Configuration\EmiliaUpdate\EmiliaUpdateServer\
	crhelper: ..\EmiliaUpdateCRHelper\EmiliaUpdateCRHelper_Release_x64.exe
	down-blocklen: 65536
	first-port: 49152
	prod-root-dir: ..\..\..\
	prod-servers: prod-servers.ini
	recv-buflen: 1024
	server-exit-to: 15000
	upload-tmp-app: .tmp

Command line arguments: 1

C:\Main\Active\Documents\Programming\VSOutsource\Intermediates\EmiliaUpdate\EmiliaUpdateServer\Debug\x64\EmiliaUpdateServer_Debug_x64.exe

Socket listening...
Accepting commands...
Starting...
16 configuration options:
