2018-05-27.14:43:16 765 bytes
Starting...
14 configuration options:
	auth-file: credentials.confidential.ini
	aux-error: error.log
	aux-log: log.log
	aux-memory: memory-leaks.log
	aux-path: ..\..\..\Auxiliary\EmiliaUpdate\EmiliaUpdateClient\
	client-auth-pass: Upq8KEj5ejYw2cRY
	config-file: config.ini
	config-path: ..\..\..\Configuration\EmiliaUpdate\EmiliaUpdateClient\
	crhelper: ..\EmiliaUpdateCRHelper\EmiliaUpdateCRHelper_Release_x64.exe
	deploy-ignore: deploy-ignore.ini
	server-ip: 127.0.0.1
	server-port-high: 49155
	server-port-low: 49152
	staging-files: staging-files.ini

Command line arguments: 1

C:\Main\Active\Documents\Programming\VSOutsource\Intermediates\EmiliaUpdate\EmiliaUpdateClient\Debug\x64\EmiliaUpdateClient_Debug_x64.exe

Accepting commands...


2018-05-27.14:43:18 15 bytes
Command: exit


2018-05-27.14:43:33 765 bytes
Starting...
14 configuration options:
	auth-file: credentials.confidential.ini
	aux-error: error.log
	aux-log: log.log
	aux-memory: memory-leaks.log
	aux-path: ..\..\..\Auxiliary\EmiliaUpdate\EmiliaUpdateClient\
	client-auth-pass: Upq8KEj5ejYw2cRY
	config-file: config.ini
	config-path: ..\..\..\Configuration\EmiliaUpdate\EmiliaUpdateClient\
	crhelper: ..\EmiliaUpdateCRHelper\EmiliaUpdateCRHelper_Release_x64.exe
	deploy-ignore: deploy-ignore.ini
	server-ip: 127.0.0.1
	server-port-high: 49155
	server-port-low: 49152
	staging-files: staging-files.ini

Command line arguments: 1

C:\Main\Active\Documents\Programming\VSOutsource\Intermediates\EmiliaUpdate\EmiliaUpdateClient\Debug\x64\EmiliaUpdateClient_Debug_x64.exe

Accepting commands...


2018-05-27.14:43:36 15 bytes
Command: exit


2018-05-27.14:45:06 765 bytes
Starting...
14 configuration options:
	auth-file: credentials.confidential.ini
	aux-error: error.log
	aux-log: log.log
	aux-memory: memory-leaks.log
	aux-path: ..\..\..\Auxiliary\EmiliaUpdate\EmiliaUpdateClient\
	client-auth-pass: Upq8KEj5ejYw2cRY
	config-file: config.ini
	config-path: ..\..\..\Configuration\EmiliaUpdate\EmiliaUpdateClient\
	crhelper: ..\EmiliaUpdateCRHelper\EmiliaUpdateCRHelper_Release_x64.exe
	deploy-ignore: deploy-ignore.ini
	server-ip: 127.0.0.1
	server-port-high: 49155
	server-port-low: 49152
	staging-files: staging-files.ini

Command line arguments: 1

C:\Main\Active\Documents\Programming\VSOutsource\Intermediates\EmiliaUpdate\EmiliaUpdateClient\Debug\x64\EmiliaUpdateClient_Debug_x64.exe

Accepting commands...


2018-05-27.14:45:21 15 bytes
Command: exit


