Connecting to alt3.gmail-smtp-in.l.google.com for host gmail.com...
220 mx.google.com ESMTP t13si377306edh.297 - gsmtp
EHLO smtp.emilia-tan.com
250-mx.google.com at your service, [18.96.5.147]
250-SIZE 157286400
250-8BITMIME
MAIL FROM:<gil@emilia-tan.com>
250-STARTTLS
250-ENHANCEDSTATUSCODES
250-PIPELINING
250-CHUNKING
250 SMTPUTF8
RCPT TO:<yangawesome@gmail.com>
250 2.1.0 OK t13si377306edh.297 - gsmtp
DATA
250 2.1.5 OK t13si377306edh.297 - gsmtp
MIME-Version: 1.0
Message-ID: <2018-03-07.11:26:3041@smtp.emilia-tan.com>
Date: Wed,  7 Mar 2018 11:26:30 -0500
From: Yang Yan <gil@emilia-tan.com>
Subject: From Emilia & Gil
To: yangawesome@gmail.com
Content-Type: text/plain; charset="UTF-8"

💖

--
Brought to you by
晏扬
Yang (Gilbert) Yan
from emilia-tan.com
.
354  Go ahead t13si377306edh.297 - gsmtp
QUIT
250 2.0.0 OK 1520439990 t13si377306edh.297 - gsmtp
221 2.0.0 closing connection t13si377306edh.297 - gsmtp
