Starting server...
Read 16 configuration options:
	404HTML: ..\..\..\Configuration\EmiliaSite\EmiliaSiteServer\404.html.ini
	cgiInPipeBufLen: 131072
	cgiMaxIdleTime: 5000
	cgiOutPipeBufLen: 131072
	cgiScripts: ..\..\..\Configuration\EmiliaSite\EmiliaSiteServer\cgi-scripts.ini
	contentTypeSpec: ..\..\..\Configuration\EmiliaSite\EmiliaSiteServer\content-type-spec.ini
	customHeaders: ..\..\..\Configuration\EmiliaSite\EmiliaSiteServer\custom-headers.ini
	defaultContentType: application/octet-stream
	dirDefaultFile: index.html
	errorLog: ..\..\..\Auxiliary\EmiliaSite\EmiliaSiteServer\errors.log
	fileBufLen: 131072
	memoryLeakLog: ..\..\..\Auxiliary\EmiliaSite\EmiliaSiteServer\memory-leaks.log
	recvBufferLength: 131072
	serverListenPort: 80
	serverLog: ..\..\..\Auxiliary\EmiliaSite\EmiliaSiteServer\log.log
	serverRootDir: ..\..\..\Server\
EMTServer initialized
Listening...
Accepting commands...
2018-05-13.01:42:42	127.0.0.1	441 bytes
GET / HTTP/1.1
Host: localhost
Connection: keep-alive
Upgrade-Insecure-Requests: 1
User-Agent: Mozilla/5.0 (Windows NT 10.0; Win64; x64) AppleWebKit/537.36 (KHTML, like Gecko) Chrome/66.0.3359.139 Safari/537.36
Accept: text/html,application/xhtml+xml,application/xml;q=0.9,image/webp,image/apng,*/*;q=0.8
DNT: 1
Accept-Encoding: gzip, deflate, br
Accept-Language: en-US,en;q=0.9,ja;q=0.8,zh-CN;q=0.7,zh;q=0.6
Cookie: ui-tabs-1=0


--------------------------------------------------------------------------------
2018-05-13.01:42:42	127.0.0.1	395 bytes
GET /hyperspace/css/main.css HTTP/1.1
Host: localhost
Connection: keep-alive
User-Agent: Mozilla/5.0 (Windows NT 10.0; Win64; x64) AppleWebKit/537.36 (KHTML, like Gecko) Chrome/66.0.3359.139 Safari/537.36
Accept: text/css,*/*;q=0.1
DNT: 1
Referer: http://localhost/
Accept-Encoding: gzip, deflate, br
Accept-Language: en-US,en;q=0.9,ja;q=0.8,zh-CN;q=0.7,zh;q=0.6
Cookie: ui-tabs-1=0


--------------------------------------------------------------------------------
2018-05-13.01:42:42	127.0.0.1	411 bytes
GET /Profile[6]_300.jpg HTTP/1.1
Host: localhost
Connection: keep-alive
User-Agent: Mozilla/5.0 (Windows NT 10.0; Win64; x64) AppleWebKit/537.36 (KHTML, like Gecko) Chrome/66.0.3359.139 Safari/537.36
Accept: image/webp,image/apng,image/*,*/*;q=0.8
DNT: 1
Referer: http://localhost/
Accept-Encoding: gzip, deflate, br
Accept-Language: en-US,en;q=0.9,ja;q=0.8,zh-CN;q=0.7,zh;q=0.6
Cookie: ui-tabs-1=0


--------------------------------------------------------------------------------
2018-05-13.01:42:42	127.0.0.1	384 bytes
GET /hyperspace/js/jquery.min.js HTTP/1.1
Host: localhost
Connection: keep-alive
User-Agent: Mozilla/5.0 (Windows NT 10.0; Win64; x64) AppleWebKit/537.36 (KHTML, like Gecko) Chrome/66.0.3359.139 Safari/537.36
Accept: */*
DNT: 1
Referer: http://localhost/
Accept-Encoding: gzip, deflate, br
Accept-Language: en-US,en;q=0.9,ja;q=0.8,zh-CN;q=0.7,zh;q=0.6
Cookie: ui-tabs-1=0


--------------------------------------------------------------------------------
2018-05-13.01:42:42	127.0.0.1	393 bytes
GET /hyperspace/js/jquery.scrollex.min.js HTTP/1.1
Host: localhost
Connection: keep-alive
User-Agent: Mozilla/5.0 (Windows NT 10.0; Win64; x64) AppleWebKit/537.36 (KHTML, like Gecko) Chrome/66.0.3359.139 Safari/537.36
Accept: */*
DNT: 1
Referer: http://localhost/
Accept-Encoding: gzip, deflate, br
Accept-Language: en-US,en;q=0.9,ja;q=0.8,zh-CN;q=0.7,zh;q=0.6
Cookie: ui-tabs-1=0


--------------------------------------------------------------------------------
2018-05-13.01:42:42	127.0.0.1	392 bytes
GET /hyperspace/js/jquery.scrolly.min.js HTTP/1.1
Host: localhost
Connection: keep-alive
User-Agent: Mozilla/5.0 (Windows NT 10.0; Win64; x64) AppleWebKit/537.36 (KHTML, like Gecko) Chrome/66.0.3359.139 Safari/537.36
Accept: */*
DNT: 1
Referer: http://localhost/
Accept-Encoding: gzip, deflate, br
Accept-Language: en-US,en;q=0.9,ja;q=0.8,zh-CN;q=0.7,zh;q=0.6
Cookie: ui-tabs-1=0


--------------------------------------------------------------------------------
2018-05-13.01:42:42	127.0.0.1	382 bytes
GET /hyperspace/js/skel.min.js HTTP/1.1
Host: localhost
Connection: keep-alive
User-Agent: Mozilla/5.0 (Windows NT 10.0; Win64; x64) AppleWebKit/537.36 (KHTML, like Gecko) Chrome/66.0.3359.139 Safari/537.36
Accept: */*
DNT: 1
Referer: http://localhost/
Accept-Encoding: gzip, deflate, br
Accept-Language: en-US,en;q=0.9,ja;q=0.8,zh-CN;q=0.7,zh;q=0.6
Cookie: ui-tabs-1=0


--------------------------------------------------------------------------------
2018-05-13.01:42:42	127.0.0.1	378 bytes
GET /hyperspace/js/util.js HTTP/1.1
Host: localhost
Connection: keep-alive
User-Agent: Mozilla/5.0 (Windows NT 10.0; Win64; x64) AppleWebKit/537.36 (KHTML, like Gecko) Chrome/66.0.3359.139 Safari/537.36
Accept: */*
DNT: 1
Referer: http://localhost/
Accept-Encoding: gzip, deflate, br
Accept-Language: en-US,en;q=0.9,ja;q=0.8,zh-CN;q=0.7,zh;q=0.6
Cookie: ui-tabs-1=0


--------------------------------------------------------------------------------
2018-05-13.01:42:42	127.0.0.1	378 bytes
GET /hyperspace/js/main.js HTTP/1.1
Host: localhost
Connection: keep-alive
User-Agent: Mozilla/5.0 (Windows NT 10.0; Win64; x64) AppleWebKit/537.36 (KHTML, like Gecko) Chrome/66.0.3359.139 Safari/537.36
Accept: */*
DNT: 1
Referer: http://localhost/
Accept-Encoding: gzip, deflate, br
Accept-Language: en-US,en;q=0.9,ja;q=0.8,zh-CN;q=0.7,zh;q=0.6
Cookie: ui-tabs-1=0


--------------------------------------------------------------------------------
2018-05-13.01:42:42	127.0.0.1	402 bytes
GET /794_2.jpg HTTP/1.1
Host: localhost
Connection: keep-alive
User-Agent: Mozilla/5.0 (Windows NT 10.0; Win64; x64) AppleWebKit/537.36 (KHTML, like Gecko) Chrome/66.0.3359.139 Safari/537.36
Accept: image/webp,image/apng,image/*,*/*;q=0.8
DNT: 1
Referer: http://localhost/
Accept-Encoding: gzip, deflate, br
Accept-Language: en-US,en;q=0.9,ja;q=0.8,zh-CN;q=0.7,zh;q=0.6
Cookie: ui-tabs-1=0


--------------------------------------------------------------------------------
2018-05-13.01:42:42	127.0.0.1	402 bytes
GET /794_1.jpg HTTP/1.1
Host: localhost
Connection: keep-alive
User-Agent: Mozilla/5.0 (Windows NT 10.0; Win64; x64) AppleWebKit/537.36 (KHTML, like Gecko) Chrome/66.0.3359.139 Safari/537.36
Accept: image/webp,image/apng,image/*,*/*;q=0.8
DNT: 1
Referer: http://localhost/
Accept-Encoding: gzip, deflate, br
Accept-Language: en-US,en;q=0.9,ja;q=0.8,zh-CN;q=0.7,zh;q=0.6
Cookie: ui-tabs-1=0


--------------------------------------------------------------------------------
2018-05-13.01:42:42	127.0.0.1	407 bytes
GET /hyperspace/css/font-awesome.min.css HTTP/1.1
Host: localhost
Connection: keep-alive
User-Agent: Mozilla/5.0 (Windows NT 10.0; Win64; x64) AppleWebKit/537.36 (KHTML, like Gecko) Chrome/66.0.3359.139 Safari/537.36
Accept: text/css,*/*;q=0.1
DNT: 1
Referer: http://localhost/
Accept-Encoding: gzip, deflate, br
Accept-Language: en-US,en;q=0.9,ja;q=0.8,zh-CN;q=0.7,zh;q=0.6
Cookie: ui-tabs-1=0


--------------------------------------------------------------------------------
2018-05-13.01:42:42	127.0.0.1	447 bytes
GET /hyperspace/css/images/intro.svg HTTP/1.1
Host: localhost
Connection: keep-alive
User-Agent: Mozilla/5.0 (Windows NT 10.0; Win64; x64) AppleWebKit/537.36 (KHTML, like Gecko) Chrome/66.0.3359.139 Safari/537.36
Accept: image/webp,image/apng,image/*,*/*;q=0.8
DNT: 1
Referer: http://localhost/hyperspace/css/main.css
Accept-Encoding: gzip, deflate, br
Accept-Language: en-US,en;q=0.9,ja;q=0.8,zh-CN;q=0.7,zh;q=0.6
Cookie: ui-tabs-1=0


--------------------------------------------------------------------------------
2018-05-13.01:42:42	127.0.0.1	468 bytes
GET /hyperspace/fonts/fontawesome-webfont.woff2?v=4.6.3 HTTP/1.1
Host: localhost
Connection: keep-alive
Origin: http://localhost
User-Agent: Mozilla/5.0 (Windows NT 10.0; Win64; x64) AppleWebKit/537.36 (KHTML, like Gecko) Chrome/66.0.3359.139 Safari/537.36
Accept: */*
DNT: 1
Referer: http://localhost/hyperspace/css/font-awesome.min.css
Accept-Encoding: gzip, deflate, br
Accept-Language: en-US,en;q=0.9,ja;q=0.8,zh-CN;q=0.7,zh;q=0.6
Cookie: ui-tabs-1=0


--------------------------------------------------------------------------------
2018-05-13.01:42:42	127.0.0.1	404 bytes
GET /favicon.ico HTTP/1.1
Host: localhost
Connection: keep-alive
User-Agent: Mozilla/5.0 (Windows NT 10.0; Win64; x64) AppleWebKit/537.36 (KHTML, like Gecko) Chrome/66.0.3359.139 Safari/537.36
Accept: image/webp,image/apng,image/*,*/*;q=0.8
DNT: 1
Referer: http://localhost/
Accept-Encoding: gzip, deflate, br
Accept-Language: en-US,en;q=0.9,ja;q=0.8,zh-CN;q=0.7,zh;q=0.6
Cookie: ui-tabs-1=0


--------------------------------------------------------------------------------
Listening shutdown and ListenThread joined
The server has terminated. Exiting automatically in 1 second...
Starting server...
Read 16 configuration options:
	404HTML: ..\..\..\Configuration\EmiliaSite\EmiliaSiteServer\404.html.ini
	cgiInPipeBufLen: 131072
	cgiMaxIdleTime: 5000
	cgiOutPipeBufLen: 131072
	cgiScripts: ..\..\..\Configuration\EmiliaSite\EmiliaSiteServer\cgi-scripts.ini
	contentTypeSpec: ..\..\..\Configuration\EmiliaSite\EmiliaSiteServer\content-type-spec.ini
	customHeaders: ..\..\..\Configuration\EmiliaSite\EmiliaSiteServer\custom-headers.ini
	defaultContentType: application/octet-stream
	dirDefaultFile: index.html
	errorLog: ..\..\..\Auxiliary\EmiliaSite\EmiliaSiteServer\errors.log
	fileBufLen: 131072
	memoryLeakLog: ..\..\..\Auxiliary\EmiliaSite\EmiliaSiteServer\memory-leaks.log
	recvBufferLength: 131072
	serverListenPort: 80
	serverLog: ..\..\..\Auxiliary\EmiliaSite\EmiliaSiteServer\log.log
	serverRootDir: ..\..\..\Server\
EMTServer initialized
Listening...
Accepting commands...
2018-05-13.01:44:47	127.0.0.1	467 bytes
GET / HTTP/1.1
Host: localhost
Connection: keep-alive
Cache-Control: max-age=0
Upgrade-Insecure-Requests: 1
User-Agent: Mozilla/5.0 (Windows NT 10.0; Win64; x64) AppleWebKit/537.36 (KHTML, like Gecko) Chrome/66.0.3359.139 Safari/537.36
Accept: text/html,application/xhtml+xml,application/xml;q=0.9,image/webp,image/apng,*/*;q=0.8
DNT: 1
Accept-Encoding: gzip, deflate, br
Accept-Language: en-US,en;q=0.9,ja;q=0.8,zh-CN;q=0.7,zh;q=0.6
Cookie: ui-tabs-1=0


--------------------------------------------------------------------------------
2018-05-13.01:44:48	127.0.0.1	395 bytes
GET /hyperspace/css/main.css HTTP/1.1
Host: localhost
Connection: keep-alive
User-Agent: Mozilla/5.0 (Windows NT 10.0; Win64; x64) AppleWebKit/537.36 (KHTML, like Gecko) Chrome/66.0.3359.139 Safari/537.36
Accept: text/css,*/*;q=0.1
DNT: 1
Referer: http://localhost/
Accept-Encoding: gzip, deflate, br
Accept-Language: en-US,en;q=0.9,ja;q=0.8,zh-CN;q=0.7,zh;q=0.6
Cookie: ui-tabs-1=0


--------------------------------------------------------------------------------
2018-05-13.01:44:48	127.0.0.1	411 bytes
GET /Profile[6]_300.jpg HTTP/1.1
Host: localhost
Connection: keep-alive
User-Agent: Mozilla/5.0 (Windows NT 10.0; Win64; x64) AppleWebKit/537.36 (KHTML, like Gecko) Chrome/66.0.3359.139 Safari/537.36
Accept: image/webp,image/apng,image/*,*/*;q=0.8
DNT: 1
Referer: http://localhost/
Accept-Encoding: gzip, deflate, br
Accept-Language: en-US,en;q=0.9,ja;q=0.8,zh-CN;q=0.7,zh;q=0.6
Cookie: ui-tabs-1=0


--------------------------------------------------------------------------------
2018-05-13.01:44:48	127.0.0.1	407 bytes
GET /hyperspace/css/font-awesome.min.css HTTP/1.1
Host: localhost
Connection: keep-alive
User-Agent: Mozilla/5.0 (Windows NT 10.0; Win64; x64) AppleWebKit/537.36 (KHTML, like Gecko) Chrome/66.0.3359.139 Safari/537.36
Accept: text/css,*/*;q=0.1
DNT: 1
Referer: http://localhost/
Accept-Encoding: gzip, deflate, br
Accept-Language: en-US,en;q=0.9,ja;q=0.8,zh-CN;q=0.7,zh;q=0.6
Cookie: ui-tabs-1=0


--------------------------------------------------------------------------------
2018-05-13.01:44:48	127.0.0.1	384 bytes
GET /hyperspace/js/jquery.min.js HTTP/1.1
Host: localhost
Connection: keep-alive
User-Agent: Mozilla/5.0 (Windows NT 10.0; Win64; x64) AppleWebKit/537.36 (KHTML, like Gecko) Chrome/66.0.3359.139 Safari/537.36
Accept: */*
DNT: 1
Referer: http://localhost/
Accept-Encoding: gzip, deflate, br
Accept-Language: en-US,en;q=0.9,ja;q=0.8,zh-CN;q=0.7,zh;q=0.6
Cookie: ui-tabs-1=0


--------------------------------------------------------------------------------
2018-05-13.01:44:48	127.0.0.1	393 bytes
GET /hyperspace/js/jquery.scrollex.min.js HTTP/1.1
Host: localhost
Connection: keep-alive
User-Agent: Mozilla/5.0 (Windows NT 10.0; Win64; x64) AppleWebKit/537.36 (KHTML, like Gecko) Chrome/66.0.3359.139 Safari/537.36
Accept: */*
DNT: 1
Referer: http://localhost/
Accept-Encoding: gzip, deflate, br
Accept-Language: en-US,en;q=0.9,ja;q=0.8,zh-CN;q=0.7,zh;q=0.6
Cookie: ui-tabs-1=0


--------------------------------------------------------------------------------
2018-05-13.01:44:48	127.0.0.1	392 bytes
GET /hyperspace/js/jquery.scrolly.min.js HTTP/1.1
Host: localhost
Connection: keep-alive
User-Agent: Mozilla/5.0 (Windows NT 10.0; Win64; x64) AppleWebKit/537.36 (KHTML, like Gecko) Chrome/66.0.3359.139 Safari/537.36
Accept: */*
DNT: 1
Referer: http://localhost/
Accept-Encoding: gzip, deflate, br
Accept-Language: en-US,en;q=0.9,ja;q=0.8,zh-CN;q=0.7,zh;q=0.6
Cookie: ui-tabs-1=0


--------------------------------------------------------------------------------
2018-05-13.01:44:48	127.0.0.1	382 bytes
GET /hyperspace/js/skel.min.js HTTP/1.1
Host: localhost
Connection: keep-alive
User-Agent: Mozilla/5.0 (Windows NT 10.0; Win64; x64) AppleWebKit/537.36 (KHTML, like Gecko) Chrome/66.0.3359.139 Safari/537.36
Accept: */*
DNT: 1
Referer: http://localhost/
Accept-Encoding: gzip, deflate, br
Accept-Language: en-US,en;q=0.9,ja;q=0.8,zh-CN;q=0.7,zh;q=0.6
Cookie: ui-tabs-1=0


--------------------------------------------------------------------------------
2018-05-13.01:44:48	127.0.0.1	378 bytes
GET /hyperspace/js/util.js HTTP/1.1
Host: localhost
Connection: keep-alive
User-Agent: Mozilla/5.0 (Windows NT 10.0; Win64; x64) AppleWebKit/537.36 (KHTML, like Gecko) Chrome/66.0.3359.139 Safari/537.36
Accept: */*
DNT: 1
Referer: http://localhost/
Accept-Encoding: gzip, deflate, br
Accept-Language: en-US,en;q=0.9,ja;q=0.8,zh-CN;q=0.7,zh;q=0.6
Cookie: ui-tabs-1=0


--------------------------------------------------------------------------------
2018-05-13.01:44:48	127.0.0.1	378 bytes
GET /hyperspace/js/main.js HTTP/1.1
Host: localhost
Connection: keep-alive
User-Agent: Mozilla/5.0 (Windows NT 10.0; Win64; x64) AppleWebKit/537.36 (KHTML, like Gecko) Chrome/66.0.3359.139 Safari/537.36
Accept: */*
DNT: 1
Referer: http://localhost/
Accept-Encoding: gzip, deflate, br
Accept-Language: en-US,en;q=0.9,ja;q=0.8,zh-CN;q=0.7,zh;q=0.6
Cookie: ui-tabs-1=0


--------------------------------------------------------------------------------
2018-05-13.01:44:48	127.0.0.1	402 bytes
GET /794_2.jpg HTTP/1.1
Host: localhost
Connection: keep-alive
User-Agent: Mozilla/5.0 (Windows NT 10.0; Win64; x64) AppleWebKit/537.36 (KHTML, like Gecko) Chrome/66.0.3359.139 Safari/537.36
Accept: image/webp,image/apng,image/*,*/*;q=0.8
DNT: 1
Referer: http://localhost/
Accept-Encoding: gzip, deflate, br
Accept-Language: en-US,en;q=0.9,ja;q=0.8,zh-CN;q=0.7,zh;q=0.6
Cookie: ui-tabs-1=0


--------------------------------------------------------------------------------
2018-05-13.01:44:48	127.0.0.1	402 bytes
GET /794_1.jpg HTTP/1.1
Host: localhost
Connection: keep-alive
User-Agent: Mozilla/5.0 (Windows NT 10.0; Win64; x64) AppleWebKit/537.36 (KHTML, like Gecko) Chrome/66.0.3359.139 Safari/537.36
Accept: image/webp,image/apng,image/*,*/*;q=0.8
DNT: 1
Referer: http://localhost/
Accept-Encoding: gzip, deflate, br
Accept-Language: en-US,en;q=0.9,ja;q=0.8,zh-CN;q=0.7,zh;q=0.6
Cookie: ui-tabs-1=0


--------------------------------------------------------------------------------
2018-05-13.01:44:48	127.0.0.1	468 bytes
GET /hyperspace/fonts/fontawesome-webfont.woff2?v=4.6.3 HTTP/1.1
Host: localhost
Connection: keep-alive
Origin: http://localhost
User-Agent: Mozilla/5.0 (Windows NT 10.0; Win64; x64) AppleWebKit/537.36 (KHTML, like Gecko) Chrome/66.0.3359.139 Safari/537.36
Accept: */*
DNT: 1
Referer: http://localhost/hyperspace/css/font-awesome.min.css
Accept-Encoding: gzip, deflate, br
Accept-Language: en-US,en;q=0.9,ja;q=0.8,zh-CN;q=0.7,zh;q=0.6
Cookie: ui-tabs-1=0


--------------------------------------------------------------------------------
2018-05-13.01:44:48	127.0.0.1	447 bytes
GET /hyperspace/css/images/intro.svg HTTP/1.1
Host: localhost
Connection: keep-alive
User-Agent: Mozilla/5.0 (Windows NT 10.0; Win64; x64) AppleWebKit/537.36 (KHTML, like Gecko) Chrome/66.0.3359.139 Safari/537.36
Accept: image/webp,image/apng,image/*,*/*;q=0.8
DNT: 1
Referer: http://localhost/hyperspace/css/main.css
Accept-Encoding: gzip, deflate, br
Accept-Language: en-US,en;q=0.9,ja;q=0.8,zh-CN;q=0.7,zh;q=0.6
Cookie: ui-tabs-1=0


--------------------------------------------------------------------------------
2018-05-13.01:44:48	127.0.0.1	447 bytes
GET /favicon.ico HTTP/1.1
Host: localhost
Connection: keep-alive
Pragma: no-cache
Cache-Control: no-cache
User-Agent: Mozilla/5.0 (Windows NT 10.0; Win64; x64) AppleWebKit/537.36 (KHTML, like Gecko) Chrome/66.0.3359.139 Safari/537.36
Accept: image/webp,image/apng,image/*,*/*;q=0.8
DNT: 1
Referer: http://localhost/
Accept-Encoding: gzip, deflate, br
Accept-Language: en-US,en;q=0.9,ja;q=0.8,zh-CN;q=0.7,zh;q=0.6
Cookie: ui-tabs-1=0


--------------------------------------------------------------------------------
